<?xml version="1.0" encoding="UTF-8"?>
<testsuite xmlns:xsi="http://www.w3.org/2001/XMLSchema-instance" xsi:noNamespaceSchemaLocation="https://maven.apache.org/surefire/maven-surefire-plugin/xsd/surefire-test-report-3.0.xsd" version="3.0" name="tests.HolidayAutosSearchTest" time="32.194" tests="3" errors="0" skipped="0" failures="0">
  <properties>
[...]
</properties>
  <testcase name="shouldSearchForCarsWithPickupLocationAndDateRange" classname="tests.HolidayAutosSearchTest" time="11.989"/>
  <testcase name="shouldOrderCarsByPriceAndFirstCarIsCheapest" classname="tests.HolidayAutosSearchTest" time="10.476"/>
  <testcase name="testSelectCheapestCarAndVerifyDetails" classname="tests.HolidayAutosSearchTest" time="9.707"/>
</testsuite>